<?xml version="1.0" encoding="UTF-8"?>
<coverage generated="1547606537967" clover="3.2.0">
  <project timestamp="1547606537967" name="All files">
    <metrics statements="11" coveredstatements="11" conditionals="0" coveredconditionals="0" methods="7" coveredmethods="7" elements="18" coveredelements="18" complexity="0" loc="11" ncloc="11" packages="1" files="3" classes="3">
      <file name="array.js" path="/home/miguelangel/Documentos/EstudioPlatzi/testingconjest/platzitest/array.js">
        <metrics statements="4" coveredstatements="4" conditionals="0" coveredconditionals="0" methods="2" coveredmethods="2"/>
        <line num="1" count="1" type="stmt"/>
        <line num="2" count="1" type="stmt"/>
        <line num="4" count="2" type="stmt"/>
        <line num="5" count="1" type="stmt"/>
      </file>
      <file name="number.js" path="/home/miguelangel/Documentos/EstudioPlatzi/testingconjest/platzitest/number.js">
        <metrics statements="2" coveredstatements="2" conditionals="0" coveredconditionals="0" methods="1" coveredmethods="1"/>
        <line num="1" count="1" type="stmt"/>
        <line num="2" count="5" type="stmt"/>
      </file>
      <file name="true.js" path="/home/miguelangel/Documentos/EstudioPlatzi/testingconjest/platzitest/true.js">
        <metrics statements="5" coveredstatements="5" conditionals="0" coveredconditionals="0" methods="4" coveredmethods="4"/>
        <line num="1" count="1" type="stmt"/>
        <line num="2" count="1" type="stmt"/>
        <line num="4" count="1" type="stmt"/>
        <line num="5" count="2" type="stmt"/>
        <line num="6" count="1" type="stmt"/>
      </file>
    </metrics>
  </project>
</coverage>
